# JRE version: OpenJDK Runtime Environment (11.0.11+9) (build 11.0.11+9-b60-7590822)
# Java VM: OpenJDK 64-Bit Server VM (11.0.11+9-b60-7590822, mixed mode, tiered, compressed oops, g1 gc, windows-amd64)
Heap:
 garbage-first heap   total 325632K, used 115466K [0x0000000080000000, 0x0000000100000000)
  region size 1024K, 4 young (4096K), 4 survivors (4096K)
 Metaspace       used 97652K, capacity 99991K, committed 100260K, reserved 1136640K
  class space    used 12488K, capacity 13375K, committed 13440K, reserved 1048576K
GC Heap History (20 events):
Event: 46.589 GC heap after
{Heap after GC invocations=29 (full 0):
 garbage-first heap   total 155648K, used 82266K [0x0000000080000000, 0x0000000100000000)
  region size 1024K, 5 young (5120K), 5 survivors (5120K)
 Metaspace       used 84815K, capacity 87002K, committed 87076K, reserved 1124352K
  class space    used 10914K, capacity 11728K, committed 11776K, reserved 1048576K
}
Event: 47.450 GC heap before
{Heap before GC invocations=30 (full 0):
 garbage-first heap   total 155648K, used 121178K [0x0000000080000000, 0x0000000100000000)
  region size 1024K, 44 young (45056K), 5 survivors (5120K)
 Metaspace       used 85115K, capacity 87189K, committed 87332K, reserved 1124352K
  class space    used 10912K, capacity 11682K, committed 11776K, reserved 1048576K
}
Event: 47.460 GC heap after
{Heap after GC invocations=31 (full 0):
 garbage-first heap   total 155648K, used 85327K [0x0000000080000000, 0x0000000100000000)
  region size 1024K, 6 young (6144K), 6 survivors (6144K)
 Metaspace       used 85115K, capacity 87189K, committed 87332K, reserved 1124352K
  class space    used 10912K, capacity 11682K, committed 11776K, reserved 1048576K
}
Event: 48.135 GC heap before
{Heap before GC invocations=31 (full 0):
 garbage-first heap   total 155648K, used 123215K [0x0000000080000000, 0x0000000100000000)
  region size 1024K, 44 young (45056K), 6 survivors (6144K)
 Metaspace       used 86152K, capacity 88296K, committed 88484K, reserved 1126400K
  class space    used 11060K, capacity 11845K, committed 11904K, reserved 1048576K
}
Event: 48.153 GC heap after
{Heap after GC invocations=32 (full 0):
 garbage-first heap   total 155648K, used 87504K [0x0000000080000000, 0x0000000100000000)
  region size 1024K, 6 young (6144K), 6 survivors (6144K)
 Metaspace       used 86152K, capacity 88296K, committed 88484K, reserved 1126400K
  class space    used 11060K, capacity 11845K, committed 11904K, reserved 1048576K
}
Event: 48.508 GC heap before
{Heap before GC invocations=33 (full 0):
 garbage-first heap   total 155648K, used 124368K [0x0000000080000000, 0x0000000100000000)
  region size 1024K, 43 young (44032K), 6 survivors (6144K)
 Metaspace       used 87291K, capacity 89417K, committed 89636K, reserved 1126400K
  class space    used 11224K, capacity 12005K, committed 12032K, reserved 1048576K
}
Event: 48.523 GC heap after
{Heap after GC invocations=34 (full 0):
 garbage-first heap   total 155648K, used 89556K [0x0000000080000000, 0x0000000100000000)
  region size 1024K, 4 young (4096K), 4 survivors (4096K)
 Metaspace       used 87291K, capacity 89417K, committed 89636K, reserved 1126400K
  class space    used 11224K, capacity 12005K, committed 12032K, reserved 1048576K
}
Event: 49.093 GC heap before
{Heap before GC invocations=34 (full 0):
 garbage-first heap   total 155648K, used 127444K [0x0000000080000000, 0x0000000100000000)
  region size 1024K, 42 young (43008K), 4 survivors (4096K)
 Metaspace       used 88780K, capacity 90909K, committed 91172K, reserved 1128448K
  class space    used 11411K, capacity 12202K, committed 12288K, reserved 1048576K
}
Event: 49.129 GC heap after
{Heap after GC invocations=35 (full 0):
 garbage-first heap   total 187392K, used 91151K [0x0000000080000000, 0x0000000100000000)
  region size 1024K, 4 young (4096K), 4 survivors (4096K)
 Metaspace       used 88780K, capacity 90909K, committed 91172K, reserved 1128448K
  class space    used 11411K, capacity 12202K, committed 12288K, reserved 1048576K
}
Event: 50.333 GC heap before
{Heap before GC invocations=36 (full 0):
 garbage-first heap   total 187392K, used 141327K [0x0000000080000000, 0x0000000100000000)
  region size 1024K, 54 young (55296K), 4 survivors (4096K)
 Metaspace       used 89469K, capacity 91658K, committed 91940K, reserved 1128448K
  class space    used 11461K, capacity 12237K, committed 12288K, reserved 1048576K
}
Event: 50.343 GC heap after
{Heap after GC invocations=37 (full 0):
 garbage-first heap   total 187392K, used 94877K [0x0000000080000000, 0x0000000100000000)
  region size 1024K, 7 young (7168K), 7 survivors (7168K)
 Metaspace       used 89469K, capacity 91658K, committed 91940K, reserved 1128448K
  class space    used 11461K, capacity 12237K, committed 12288K, reserved 1048576K
}
Event: 62.762 GC heap before
{Heap before GC invocations=37 (full 0):
 garbage-first heap   total 187392K, used 145053K [0x0000000080000000, 0x0000000100000000)
  region size 1024K, 57 young (58368K), 7 survivors (7168K)
 Metaspace       used 90534K, capacity 92747K, committed 92836K, reserved 1130496K
  class space    used 11583K, capacity 12390K, committed 12416K, reserved 1048576K
}
Event: 63.179 GC heap after
{Heap after GC invocations=38 (full 0):
 garbage-first heap   total 187392K, used 102253K [0x0000000080000000, 0x0000000100000000)
  region size 1024K, 8 young (8192K), 8 survivors (8192K)
 Metaspace       used 90534K, capacity 92747K, committed 92836K, reserved 1130496K
  class space    used 11583K, capacity 12390K, committed 12416K, reserved 1048576K
}
Event: 65.416 GC heap before
{Heap before GC invocations=39 (full 0):
 garbage-first heap   total 187392K, used 129901K [0x0000000080000000, 0x0000000100000000)
  region size 1024K, 36 young (36864K), 8 survivors (8192K)
 Metaspace       used 90850K, capacity 92983K, committed 93092K, reserved 1130496K
  class space    used 11622K, capacity 12404K, committed 12416K, reserved 1048576K
}
Event: 65.447 GC heap after
{Heap after GC invocations=40 (full 0):
 garbage-first heap   total 187392K, used 103760K [0x0000000080000000, 0x0000000100000000)
  region size 1024K, 2 young (2048K), 2 survivors (2048K)
 Metaspace       used 90850K, capacity 92983K, committed 93092K, reserved 1130496K
  class space    used 11622K, capacity 12404K, committed 12416K, reserved 1048576K
}
Event: 66.468 GC heap before
{Heap before GC invocations=40 (full 0):
 garbage-first heap   total 187392K, used 143696K [0x0000000080000000, 0x0000000100000000)
  region size 1024K, 42 young (43008K), 2 survivors (2048K)
 Metaspace       used 91508K, capacity 93739K, committed 93988K, reserved 1130496K
  class space    used 11697K, capacity 12485K, committed 12544K, reserved 1048576K
}
Event: 66.486 GC heap after
{Heap after GC invocations=41 (full 0):
 garbage-first heap   total 187392K, used 104753K [0x0000000080000000, 0x0000000100000000)
  region size 1024K, 3 young (3072K), 3 survivors (3072K)
 Metaspace       used 91508K, capacity 93739K, committed 93988K, reserved 1130496K
  class space    used 11697K, capacity 12485K, committed 12544K, reserved 1048576K
}
Event: 67.200 GC heap before
{Heap before GC invocations=42 (full 0):
 garbage-first heap   total 187392K, used 145713K [0x0000000080000000, 0x0000000100000000)
  region size 1024K, 44 young (45056K), 3 survivors (3072K)
 Metaspace       used 92110K, capacity 94275K, committed 94628K, reserved 1132544K
  class space    used 11756K, capacity 12557K, committed 12672K, reserved 1048576K
}
Event: 67.252 GC heap after
{Heap after GC invocations=43 (full 0):
 garbage-first heap   total 187392K, used 111274K [0x0000000080000000, 0x0000000100000000)
  region size 1024K, 6 young (6144K), 6 survivors (6144K)
 Metaspace       used 92110K, capacity 94275K, committed 94628K, reserved 1132544K
  class space    used 11756K, capacity 12557K, committed 12672K, reserved 1048576K
}
Event: 69.389 GC heap before
{Heap before GC invocations=43 (full 0):
 garbage-first heap   total 187392K, used 149162K [0x0000000080000000, 0x0000000100000000)
  region size 1024K, 44 young (45056K), 6 survivors (6144K)
 Metaspace       used 97652K, capacity 99991K, committed 100260K, reserved 1136640K
  class space    used 12488K, capacity 13375K, committed 13440K, reserved 1048576K
}

